<?xml version="1.0" encoding="UTF-8"?>
<coverage generated="1787721558120" clover="3.2.0">
  <project timestamp="1787721558120" name="All files">
    <metrics statements="131" coveredstatements="73" conditionals="94" coveredconditionals="37" methods="27" coveredmethods="15" elements="252" coveredelements="125" complexity="0" loc="131" ncloc="131" packages="1" files="2" classes="2"/>
    <file name="markdown.tsx" path="/Users/karlwehbe/Documents/GitHub/AI-Note-Taker/client/src/components/markdown.tsx">
      <metrics statements="97" coveredstatements="72" conditionals="76" coveredconditionals="37" methods="20" coveredmethods="15"/>
      <line num="54" count="1" type="stmt"/>
      <line num="56" count="1" type="stmt"/>
      <line num="71" count="22" type="stmt"/>
      <line num="72" count="22" type="stmt"/>
      <line num="78" count="22" type="stmt"/>
      <line num="79" count="22" type="stmt"/>
      <line num="81" count="22" type="cond" truecount="0" falsecount="2"/>
      <line num="82" count="22" type="stmt"/>
      <line num="97" count="16" type="stmt"/>
      <line num="98" count="16" type="stmt"/>
      <line num="99" count="16" type="stmt"/>
      <line num="101" count="16" type="stmt"/>
      <line num="102" count="20" type="stmt"/>
      <line num="103" count="20" type="stmt"/>
      <line num="105" count="16" type="stmt"/>
      <line num="112" count="1" type="stmt"/>
      <line num="115" count="12" type="stmt"/>
      <line num="121" count="12" type="stmt"/>
      <line num="122" count="12" type="stmt"/>
      <line num="126" count="9" type="stmt"/>
      <line num="131" count="5" type="stmt"/>
      <line num="132" count="5" type="cond" truecount="2" falsecount="0"/>
      <line num="133" count="4" type="cond" truecount="2" falsecount="0"/>
      <line num="134" count="1" type="cond" truecount="1" falsecount="1"/>
      <line num="135" count="1" type="stmt"/>
      <line num="141" count="7" type="stmt"/>
      <line num="142" count="7" type="stmt"/>
      <line num="144" count="11" type="cond" truecount="2" falsecount="0"/>
      <line num="145" count="9" type="stmt"/>
      <line num="146" count="9" type="stmt"/>
      <line num="151" count="1" type="stmt"/>
      <line num="152" count="1" type="cond" truecount="1" falsecount="1"/>
      <line num="156" count="2" type="stmt"/>
      <line num="160" count="1" type="stmt"/>
      <line num="161" count="1" type="cond" truecount="1" falsecount="1"/>
      <line num="165" count="5" type="stmt"/>
      <line num="168" count="0" type="cond" truecount="0" falsecount="2"/>
      <line num="189" count="7" type="stmt"/>
      <line num="190" count="7" type="stmt"/>
      <line num="193" count="56" type="cond" truecount="1" falsecount="1"/>
      <line num="194" count="0" type="stmt"/>
      <line num="195" count="0" type="cond" truecount="0" falsecount="2"/>
      <line num="196" count="0" type="stmt"/>
      <line num="197" count="0" type="stmt"/>
      <line num="200" count="56" type="cond" truecount="2" falsecount="0"/>
      <line num="201" count="1" type="stmt"/>
      <line num="202" count="1" type="cond" truecount="1" falsecount="1"/>
      <line num="203" count="0" type="stmt"/>
      <line num="205" count="1" type="stmt"/>
      <line num="206" count="1" type="stmt"/>
      <line num="209" count="55" type="cond" truecount="2" falsecount="0"/>
      <line num="210" count="4" type="stmt"/>
      <line num="211" count="4" type="cond" truecount="2" falsecount="0"/>
      <line num="212" count="3" type="stmt"/>
      <line num="214" count="1" type="stmt"/>
      <line num="215" count="1" type="stmt"/>
      <line num="218" count="51" type="cond" truecount="1" falsecount="1"/>
      <line num="219" count="0" type="stmt"/>
      <line num="220" count="0" type="cond" truecount="0" falsecount="2"/>
      <line num="221" count="0" type="stmt"/>
      <line num="223" count="0" type="stmt"/>
      <line num="224" count="0" type="stmt"/>
      <line num="226" count="51" type="cond" truecount="1" falsecount="1"/>
      <line num="227" count="0" type="stmt"/>
      <line num="228" count="0" type="cond" truecount="0" falsecount="2"/>
      <line num="229" count="0" type="stmt"/>
      <line num="231" count="0" type="stmt"/>
      <line num="232" count="0" type="stmt"/>
      <line num="235" count="51" type="cond" truecount="2" falsecount="0"/>
      <line num="236" count="3" type="stmt"/>
      <line num="237" count="6" type="cond" truecount="3" falsecount="0"/>
      <line num="238" count="3" type="cond" truecount="4" falsecount="0"/>
      <line num="239" count="1" type="stmt"/>
      <line num="241" count="2" type="stmt"/>
      <line num="242" count="2" type="stmt"/>
      <line num="244" count="48" type="stmt"/>
      <line num="246" count="3" type="stmt"/>
      <line num="253" count="3" type="stmt"/>
      <line num="254" count="3" type="cond" truecount="2" falsecount="0"/>
      <line num="255" count="2" type="cond" truecount="1" falsecount="1"/>
      <line num="256" count="2" type="cond" truecount="1" falsecount="1"/>
      <line num="257" count="2" type="cond" truecount="1" falsecount="1"/>
      <line num="258" count="3" type="stmt"/>
      <line num="265" count="1" type="stmt"/>
      <line num="266" count="1" type="cond" truecount="1" falsecount="1"/>
      <line num="267" count="1" type="stmt"/>
      <line num="271" count="1" type="stmt"/>
      <line num="276" count="5" type="stmt"/>
      <line num="282" count="0" type="cond" truecount="0" falsecount="2"/>
      <line num="283" count="0" type="cond" truecount="0" falsecount="5"/>
      <line num="284" count="0" type="stmt"/>
      <line num="287" count="0" type="cond" truecount="0" falsecount="2"/>
      <line num="288" count="0" type="cond" truecount="0" falsecount="2"/>
      <line num="289" count="0" type="cond" truecount="0" falsecount="4"/>
      <line num="293" count="0" type="stmt"/>
      <line num="309" count="0" type="stmt"/>
      <line num="310" count="0" type="cond" truecount="0" falsecount="2"/>
    </file>
    <file name="mermaid-diagram.tsx" path="/Users/karlwehbe/Documents/GitHub/AI-Note-Taker/client/src/components/mermaid-diagram.tsx">
      <metrics statements="34" coveredstatements="1" conditionals="18" coveredconditionals="0" methods="7" coveredmethods="0"/>
      <line num="15" count="0" type="cond" truecount="0" falsecount="2"/>
      <line num="16" count="0" type="stmt"/>
      <line num="22" count="1" type="stmt"/>
      <line num="25" count="0" type="cond" truecount="0" falsecount="2"/>
      <line num="29" count="0" type="stmt"/>
      <line num="30" count="0" type="cond" truecount="0" falsecount="2"/>
      <line num="31" count="0" type="stmt"/>
      <line num="36" count="0" type="stmt"/>
      <line num="38" count="0" type="stmt"/>
      <line num="39" count="0" type="stmt"/>
      <line num="40" count="0" type="cond" truecount="0" falsecount="2"/>
      <line num="41" count="0" type="stmt"/>
      <line num="42" count="0" type="stmt"/>
      <line num="43" count="0" type="stmt"/>
      <line num="46" count="0" type="stmt"/>
      <line num="47" count="0" type="stmt"/>
      <line num="48" count="0" type="stmt"/>
      <line num="51" count="0" type="stmt"/>
      <line num="52" count="0" type="stmt"/>
      <line num="53" count="0" type="stmt"/>
      <line num="64" count="0" type="stmt"/>
      <line num="65" count="0" type="stmt"/>
      <line num="66" count="0" type="cond" truecount="0" falsecount="2"/>
      <line num="67" count="0" type="stmt"/>
      <line num="68" count="0" type="stmt"/>
      <line num="71" count="0" type="cond" truecount="0" falsecount="2"/>
      <line num="74" count="0" type="stmt"/>
      <line num="76" count="0" type="stmt"/>
      <line num="77" count="0" type="stmt"/>
      <line num="81" count="0" type="cond" truecount="0" falsecount="2"/>
      <line num="85" count="0" type="stmt"/>
      <line num="92" count="0" type="cond" truecount="0" falsecount="2"/>
      <line num="95" count="0" type="stmt"/>
      <line num="98" count="0" type="stmt"/>
    </file>
  </project>
</coverage>
