{"/Users/karlwehbe/Documents/GitHub/AI-Note-Taker/client/src/components/markdown.tsx": {"path":"/Users/karlwehbe/Documents/GitHub/AI-Note-Taker/client/src/components/markdown.tsx","statementMap":{"0":{"start":{"line":54,"column":19},"end":{"line":54,"column":null}},"1":{"start":{"line":56,"column":15},"end":{"line":64,"column":null}},"2":{"start":{"line":71,"column":12},"end":{"line":71,"column":null}},"3":{"start":{"line":72,"column":10},"end":{"line":76,"column":null}},"4":{"start":{"line":78,"column":2},"end":{"line":78,"column":null}},"5":{"start":{"line":79,"column":2},"end":{"line":79,"column":null}},"6":{"start":{"line":81,"column":2},"end":{"line":81,"column":null}},"7":{"start":{"line":81,"column":37},"end":{"line":81,"column":71}},"8":{"start":{"line":82,"column":2},"end":{"line":82,"column":null}},"9":{"start":{"line":97,"column":22},"end":{"line":97,"column":null}},"10":{"start":{"line":98,"column":13},"end":{"line":98,"column":null}},"11":{"start":{"line":99,"column":13},"end":{"line":99,"column":null}},"12":{"start":{"line":101,"column":2},"end":{"line":104,"column":null}},"13":{"start":{"line":102,"column":4},"end":{"line":102,"column":null}},"14":{"start":{"line":103,"column":4},"end":{"line":103,"column":null}},"15":{"start":{"line":105,"column":2},"end":{"line":105,"column":null}},"16":{"start":{"line":112,"column":2},"end":{"line":112,"column":null}},"17":{"start":{"line":115,"column":13},"end":{"line":119,"column":null}},"18":{"start":{"line":121,"column":2},"end":{"line":121,"column":null}},"19":{"start":{"line":122,"column":2},"end":{"line":122,"column":null}},"20":{"start":{"line":126,"column":2},"end":{"line":126,"column":null}},"21":{"start":{"line":131,"column":12},"end":{"line":131,"column":null}},"22":{"start":{"line":132,"column":2},"end":{"line":132,"column":null}},"23":{"start":{"line":132,"column":22},"end":{"line":132,"column":null}},"24":{"start":{"line":133,"column":2},"end":{"line":133,"column":null}},"25":{"start":{"line":133,"column":26},"end":{"line":133,"column":null}},"26":{"start":{"line":134,"column":2},"end":{"line":134,"column":null}},"27":{"start":{"line":134,"column":76},"end":{"line":134,"column":null}},"28":{"start":{"line":135,"column":2},"end":{"line":135,"column":null}},"29":{"start":{"line":141,"column":19},"end":{"line":141,"column":null}},"30":{"start":{"line":142,"column":2},"end":{"line":174,"column":null}},"31":{"start":{"line":144,"column":6},"end":{"line":144,"column":null}},"32":{"start":{"line":144,"column":23},"end":{"line":144,"column":null}},"33":{"start":{"line":145,"column":17},"end":{"line":145,"column":null}},"34":{"start":{"line":146,"column":6},"end":{"line":171,"column":null}},"35":{"start":{"line":151,"column":26},"end":{"line":151,"column":null}},"36":{"start":{"line":152,"column":12},"end":{"line":154,"column":null}},"37":{"start":{"line":156,"column":63},"end":{"line":156,"column":87}},"38":{"start":{"line":160,"column":26},"end":{"line":160,"column":null}},"39":{"start":{"line":161,"column":12},"end":{"line":163,"column":null}},"40":{"start":{"line":165,"column":58},"end":{"line":165,"column":82}},"41":{"start":{"line":168,"column":12},"end":{"line":168,"column":null}},"42":{"start":{"line":189,"column":10},"end":{"line":189,"column":null}},"43":{"start":{"line":190,"column":2},"end":{"line":245,"column":null}},"44":{"start":{"line":193,"column":4},"end":{"line":198,"column":null}},"45":{"start":{"line":194,"column":18},"end":{"line":194,"column":null}},"46":{"start":{"line":195,"column":6},"end":{"line":195,"column":null}},"47":{"start":{"line":195,"column":22},"end":{"line":195,"column":null}},"48":{"start":{"line":196,"column":6},"end":{"line":196,"column":null}},"49":{"start":{"line":197,"column":6},"end":{"line":197,"column":null}},"50":{"start":{"line":200,"column":4},"end":{"line":207,"column":null}},"51":{"start":{"line":201,"column":18},"end":{"line":201,"column":null}},"52":{"start":{"line":202,"column":6},"end":{"line":204,"column":null}},"53":{"start":{"line":203,"column":8},"end":{"line":203,"column":null}},"54":{"start":{"line":205,"column":6},"end":{"line":205,"column":null}},"55":{"start":{"line":206,"column":6},"end":{"line":206,"column":null}},"56":{"start":{"line":209,"column":4},"end":{"line":216,"column":null}},"57":{"start":{"line":210,"column":18},"end":{"line":210,"column":null}},"58":{"start":{"line":211,"column":6},"end":{"line":213,"column":null}},"59":{"start":{"line":212,"column":8},"end":{"line":212,"column":null}},"60":{"start":{"line":214,"column":6},"end":{"line":214,"column":null}},"61":{"start":{"line":215,"column":6},"end":{"line":215,"column":null}},"62":{"start":{"line":218,"column":4},"end":{"line":225,"column":null}},"63":{"start":{"line":219,"column":18},"end":{"line":219,"column":null}},"64":{"start":{"line":220,"column":6},"end":{"line":222,"column":null}},"65":{"start":{"line":221,"column":8},"end":{"line":221,"column":null}},"66":{"start":{"line":223,"column":6},"end":{"line":223,"column":null}},"67":{"start":{"line":224,"column":6},"end":{"line":224,"column":null}},"68":{"start":{"line":226,"column":4},"end":{"line":233,"column":null}},"69":{"start":{"line":227,"column":18},"end":{"line":227,"column":null}},"70":{"start":{"line":228,"column":6},"end":{"line":230,"column":null}},"71":{"start":{"line":229,"column":8},"end":{"line":229,"column":null}},"72":{"start":{"line":231,"column":6},"end":{"line":231,"column":null}},"73":{"start":{"line":232,"column":6},"end":{"line":232,"column":null}},"74":{"start":{"line":235,"column":4},"end":{"line":243,"column":null}},"75":{"start":{"line":236,"column":14},"end":{"line":236,"column":null}},"76":{"start":{"line":237,"column":6},"end":{"line":237,"column":null}},"77":{"start":{"line":237,"column":81},"end":{"line":237,"column":null}},"78":{"start":{"line":238,"column":6},"end":{"line":240,"column":null}},"79":{"start":{"line":239,"column":8},"end":{"line":239,"column":null}},"80":{"start":{"line":241,"column":6},"end":{"line":241,"column":null}},"81":{"start":{"line":242,"column":6},"end":{"line":242,"column":null}},"82":{"start":{"line":244,"column":4},"end":{"line":244,"column":null}},"83":{"start":{"line":246,"column":2},"end":{"line":246,"column":null}},"84":{"start":{"line":253,"column":13},"end":{"line":253,"column":null}},"85":{"start":{"line":254,"column":2},"end":{"line":257,"column":null}},"86":{"start":{"line":254,"column":29},"end":{"line":254,"column":null}},"87":{"start":{"line":255,"column":7},"end":{"line":257,"column":null}},"88":{"start":{"line":255,"column":35},"end":{"line":255,"column":null}},"89":{"start":{"line":256,"column":7},"end":{"line":257,"column":null}},"90":{"start":{"line":256,"column":35},"end":{"line":256,"column":null}},"91":{"start":{"line":257,"column":7},"end":{"line":257,"column":null}},"92":{"start":{"line":257,"column":33},"end":{"line":257,"column":null}},"93":{"start":{"line":258,"column":2},"end":{"line":258,"column":null}},"94":{"start":{"line":265,"column":16},"end":{"line":265,"column":null}},"95":{"start":{"line":266,"column":2},"end":{"line":266,"column":null}},"96":{"start":{"line":266,"column":14},"end":{"line":266,"column":null}},"97":{"start":{"line":267,"column":18},"end":{"line":270,"column":null}},"98":{"start":{"line":271,"column":2},"end":{"line":271,"column":null}},"99":{"start":{"line":276,"column":2},"end":{"line":276,"column":null}},"100":{"start":{"line":282,"column":16},"end":{"line":282,"column":null}},"101":{"start":{"line":283,"column":2},"end":{"line":283,"column":null}},"102":{"start":{"line":283,"column":66},"end":{"line":283,"column":null}},"103":{"start":{"line":284,"column":16},"end":{"line":284,"column":null}},"104":{"start":{"line":287,"column":2},"end":{"line":287,"column":null}},"105":{"start":{"line":287,"column":67},"end":{"line":287,"column":null}},"106":{"start":{"line":288,"column":17},"end":{"line":288,"column":null}},"107":{"start":{"line":289,"column":2},"end":{"line":289,"column":null}},"108":{"start":{"line":293,"column":2},"end":{"line":315,"column":null}},"109":{"start":{"line":309,"column":24},"end":{"line":309,"column":null}},"110":{"start":{"line":310,"column":10},"end":{"line":310,"column":null}}},"fnMap":{"0":{"name":"repairMangledDollars","decl":{"start":{"line":70,"column":16},"end":{"line":70,"column":37}},"loc":{"start":{"line":70,"column":59},"end":{"line":83,"column":null}},"line":70},"1":{"name":"(anonymous_1)","decl":{"start":{"line":81,"column":16},"end":{"line":81,"column":28}},"loc":{"start":{"line":81,"column":37},"end":{"line":81,"column":71}},"line":81},"2":{"name":"collapseOverEscapedCommands","decl":{"start":{"line":93,"column":16},"end":{"line":93,"column":44}},"loc":{"start":{"line":93,"column":66},"end":{"line":106,"column":null}},"line":93},"3":{"name":"restoreMissingBackslash","decl":{"start":{"line":114,"column":16},"end":{"line":114,"column":40}},"loc":{"start":{"line":114,"column":62},"end":{"line":123,"column":null}},"line":114},"4":{"name":"fixMathBody","decl":{"start":{"line":125,"column":16},"end":{"line":125,"column":28}},"loc":{"start":{"line":125,"column":50},"end":{"line":127,"column":null}},"line":125},"5":{"name":"isDisplayWorthy","decl":{"start":{"line":130,"column":16},"end":{"line":130,"column":32}},"loc":{"start":{"line":130,"column":55},"end":{"line":136,"column":null}},"line":130},"6":{"name":"normalizeMath","decl":{"start":{"line":140,"column":16},"end":{"line":140,"column":30}},"loc":{"start":{"line":140,"column":56},"end":{"line":175,"column":null}},"line":140},"7":{"name":"(anonymous_7)","decl":{"start":{"line":143,"column":5},"end":{"line":143,"column":10}},"loc":{"start":{"line":143,"column":25},"end":{"line":173,"column":5}},"line":143},"8":{"name":"(anonymous_8)","decl":{"start":{"line":150,"column":19},"end":{"line":150,"column":43}},"loc":{"start":{"line":150,"column":63},"end":{"line":155,"column":11}},"line":150},"9":{"name":"(anonymous_9)","decl":{"start":{"line":156,"column":19},"end":{"line":156,"column":43}},"loc":{"start":{"line":156,"column":63},"end":{"line":156,"column":87}},"line":156},"10":{"name":"(anonymous_10)","decl":{"start":{"line":159,"column":19},"end":{"line":159,"column":43}},"loc":{"start":{"line":159,"column":63},"end":{"line":164,"column":11}},"line":159},"11":{"name":"(anonymous_11)","decl":{"start":{"line":165,"column":19},"end":{"line":165,"column":38}},"loc":{"start":{"line":165,"column":58},"end":{"line":165,"column":82}},"line":165},"12":{"name":"(anonymous_12)","decl":{"start":{"line":167,"column":19},"end":{"line":167,"column":53}},"loc":{"start":{"line":168,"column":12},"end":{"line":168,"column":null}},"line":168},"13":{"name":"splitIncompleteMath","decl":{"start":{"line":185,"column":16},"end":{"line":185,"column":36}},"loc":{"start":{"line":188,"column":2},"end":{"line":247,"column":null}},"line":188},"14":{"name":"pendingMathPlain","decl":{"start":{"line":252,"column":16},"end":{"line":252,"column":33}},"loc":{"start":{"line":252,"column":58},"end":{"line":259,"column":null}},"line":252},"15":{"name":"pendingMathItalicHtml","decl":{"start":{"line":264,"column":16},"end":{"line":264,"column":38}},"loc":{"start":{"line":264,"column":63},"end":{"line":272,"column":null}},"line":264},"16":{"name":"clipIncompleteMath","decl":{"start":{"line":275,"column":16},"end":{"line":275,"column":35}},"loc":{"start":{"line":275,"column":61},"end":{"line":277,"column":null}},"line":275},"17":{"name":"mermaidSource","decl":{"start":{"line":281,"column":16},"end":{"line":281,"column":30}},"loc":{"start":{"line":281,"column":66},"end":{"line":290,"column":null}},"line":281},"18":{"name":"Markdown","decl":{"start":{"line":292,"column":16},"end":{"line":292,"column":25}},"loc":{"start":{"line":292,"column":61},"end":{"line":317,"column":null}},"line":292},"19":{"name":"pre","decl":{"start":{"line":308,"column":8},"end":{"line":308,"column":12}},"loc":{"start":{"line":308,"column":19},"end":{"line":311,"column":null}},"line":308}},"branchMap":{"0":{"loc":{"start":{"line":58,"column":17},"end":{"line":58,"column":48}},"type":"binary-expr","locations":[{"start":{"line":58,"column":17},"end":{"line":58,"column":43}},{"start":{"line":58,"column":43},"end":{"line":58,"column":48}}],"line":58},"1":{"loc":{"start":{"line":62,"column":13},"end":{"line":62,"column":50}},"type":"binary-expr","locations":[{"start":{"line":62,"column":13},"end":{"line":62,"column":45}},{"start":{"line":62,"column":45},"end":{"line":62,"column":50}}],"line":62},"2":{"loc":{"start":{"line":81,"column":37},"end":{"line":81,"column":71}},"type":"cond-expr","locations":[{"start":{"line":81,"column":60},"end":{"line":81,"column":67}},{"start":{"line":81,"column":67},"end":{"line":81,"column":71}}],"line":81},"3":{"loc":{"start":{"line":132,"column":2},"end":{"line":132,"column":null}},"type":"if","locations":[{"start":{"line":132,"column":2},"end":{"line":132,"column":null}},{"start":{},"end":{}}],"line":132},"4":{"loc":{"start":{"line":133,"column":2},"end":{"line":133,"column":null}},"type":"if","locations":[{"start":{"line":133,"column":2},"end":{"line":133,"column":null}},{"start":{},"end":{}}],"line":133},"5":{"loc":{"start":{"line":134,"column":2},"end":{"line":134,"column":null}},"type":"if","locations":[{"start":{"line":134,"column":2},"end":{"line":134,"column":null}},{"start":{},"end":{}}],"line":134},"6":{"loc":{"start":{"line":144,"column":6},"end":{"line":144,"column":null}},"type":"if","locations":[{"start":{"line":144,"column":6},"end":{"line":144,"column":null}},{"start":{},"end":{}}],"line":144},"7":{"loc":{"start":{"line":152,"column":19},"end":{"line":154,"column":null}},"type":"cond-expr","locations":[{"start":{"line":153,"column":16},"end":{"line":153,"column":null}},{"start":{"line":154,"column":16},"end":{"line":154,"column":null}}],"line":152},"8":{"loc":{"start":{"line":161,"column":19},"end":{"line":163,"column":null}},"type":"cond-expr","locations":[{"start":{"line":162,"column":16},"end":{"line":162,"column":null}},{"start":{"line":163,"column":16},"end":{"line":163,"column":null}}],"line":161},"9":{"loc":{"start":{"line":168,"column":12},"end":{"line":168,"column":null}},"type":"cond-expr","locations":[{"start":{"line":168,"column":36},"end":{"line":168,"column":71}},{"start":{"line":168,"column":71},"end":{"line":168,"column":null}}],"line":168},"10":{"loc":{"start":{"line":193,"column":4},"end":{"line":198,"column":null}},"type":"if","locations":[{"start":{"line":193,"column":4},"end":{"line":198,"column":null}},{"start":{},"end":{}}],"line":193},"11":{"loc":{"start":{"line":195,"column":6},"end":{"line":195,"column":null}},"type":"if","locations":[{"start":{"line":195,"column":6},"end":{"line":195,"column":null}},{"start":{},"end":{}}],"line":195},"12":{"loc":{"start":{"line":200,"column":4},"end":{"line":207,"column":null}},"type":"if","locations":[{"start":{"line":200,"column":4},"end":{"line":207,"column":null}},{"start":{},"end":{}}],"line":200},"13":{"loc":{"start":{"line":202,"column":6},"end":{"line":204,"column":null}},"type":"if","locations":[{"start":{"line":202,"column":6},"end":{"line":204,"column":null}},{"start":{},"end":{}}],"line":202},"14":{"loc":{"start":{"line":209,"column":4},"end":{"line":216,"column":null}},"type":"if","locations":[{"start":{"line":209,"column":4},"end":{"line":216,"column":null}},{"start":{},"end":{}}],"line":209},"15":{"loc":{"start":{"line":211,"column":6},"end":{"line":213,"column":null}},"type":"if","locations":[{"start":{"line":211,"column":6},"end":{"line":213,"column":null}},{"start":{},"end":{}}],"line":211},"16":{"loc":{"start":{"line":218,"column":4},"end":{"line":225,"column":null}},"type":"if","locations":[{"start":{"line":218,"column":4},"end":{"line":225,"column":null}},{"start":{},"end":{}}],"line":218},"17":{"loc":{"start":{"line":220,"column":6},"end":{"line":222,"column":null}},"type":"if","locations":[{"start":{"line":220,"column":6},"end":{"line":222,"column":null}},{"start":{},"end":{}}],"line":220},"18":{"loc":{"start":{"line":226,"column":4},"end":{"line":233,"column":null}},"type":"if","locations":[{"start":{"line":226,"column":4},"end":{"line":233,"column":null}},{"start":{},"end":{}}],"line":226},"19":{"loc":{"start":{"line":228,"column":6},"end":{"line":230,"column":null}},"type":"if","locations":[{"start":{"line":228,"column":6},"end":{"line":230,"column":null}},{"start":{},"end":{}}],"line":228},"20":{"loc":{"start":{"line":235,"column":4},"end":{"line":243,"column":null}},"type":"if","locations":[{"start":{"line":235,"column":4},"end":{"line":243,"column":null}},{"start":{},"end":{}}],"line":235},"21":{"loc":{"start":{"line":237,"column":13},"end":{"line":237,"column":81}},"type":"binary-expr","locations":[{"start":{"line":237,"column":13},"end":{"line":237,"column":36}},{"start":{"line":237,"column":36},"end":{"line":237,"column":59}},{"start":{"line":237,"column":59},"end":{"line":237,"column":81}}],"line":237},"22":{"loc":{"start":{"line":238,"column":6},"end":{"line":240,"column":null}},"type":"if","locations":[{"start":{"line":238,"column":6},"end":{"line":240,"column":null}},{"start":{},"end":{}}],"line":238},"23":{"loc":{"start":{"line":238,"column":10},"end":{"line":238,"column":55}},"type":"binary-expr","locations":[{"start":{"line":238,"column":10},"end":{"line":238,"column":34}},{"start":{"line":238,"column":34},"end":{"line":238,"column":55}}],"line":238},"24":{"loc":{"start":{"line":254,"column":2},"end":{"line":257,"column":null}},"type":"if","locations":[{"start":{"line":254,"column":2},"end":{"line":257,"column":null}},{"start":{"line":255,"column":7},"end":{"line":257,"column":null}}],"line":254},"25":{"loc":{"start":{"line":255,"column":7},"end":{"line":257,"column":null}},"type":"if","locations":[{"start":{"line":255,"column":7},"end":{"line":257,"column":null}},{"start":{"line":256,"column":7},"end":{"line":257,"column":null}}],"line":255},"26":{"loc":{"start":{"line":256,"column":7},"end":{"line":257,"column":null}},"type":"if","locations":[{"start":{"line":256,"column":7},"end":{"line":257,"column":null}},{"start":{"line":257,"column":7},"end":{"line":257,"column":null}}],"line":256},"27":{"loc":{"start":{"line":257,"column":7},"end":{"line":257,"column":null}},"type":"if","locations":[{"start":{"line":257,"column":7},"end":{"line":257,"column":null}},{"start":{},"end":{}}],"line":257},"28":{"loc":{"start":{"line":266,"column":2},"end":{"line":266,"column":null}},"type":"if","locations":[{"start":{"line":266,"column":2},"end":{"line":266,"column":null}},{"start":{},"end":{}}],"line":266},"29":{"loc":{"start":{"line":282,"column":16},"end":{"line":282,"column":null}},"type":"cond-expr","locations":[{"start":{"line":282,"column":42},"end":{"line":282,"column":56}},{"start":{"line":282,"column":56},"end":{"line":282,"column":null}}],"line":282},"30":{"loc":{"start":{"line":283,"column":2},"end":{"line":283,"column":null}},"type":"if","locations":[{"start":{"line":283,"column":2},"end":{"line":283,"column":null}},{"start":{},"end":{}}],"line":283},"31":{"loc":{"start":{"line":283,"column":6},"end":{"line":283,"column":66}},"type":"binary-expr","locations":[{"start":{"line":283,"column":6},"end":{"line":283,"column":16}},{"start":{"line":283,"column":16},"end":{"line":283,"column":45}},{"start":{"line":283,"column":45},"end":{"line":283,"column":66}}],"line":283},"32":{"loc":{"start":{"line":287,"column":2},"end":{"line":287,"column":null}},"type":"if","locations":[{"start":{"line":287,"column":2},"end":{"line":287,"column":null}},{"start":{},"end":{}}],"line":287},"33":{"loc":{"start":{"line":288,"column":17},"end":{"line":288,"column":null}},"type":"cond-expr","locations":[{"start":{"line":288,"column":49},"end":{"line":288,"column":75}},{"start":{"line":288,"column":75},"end":{"line":288,"column":null}}],"line":288},"34":{"loc":{"start":{"line":289,"column":9},"end":{"line":289,"column":null}},"type":"cond-expr","locations":[{"start":{"line":289,"column":55},"end":{"line":289,"column":71}},{"start":{"line":289,"column":71},"end":{"line":289,"column":null}}],"line":289},"35":{"loc":{"start":{"line":289,"column":9},"end":{"line":289,"column":55}},"type":"binary-expr","locations":[{"start":{"line":289,"column":9},"end":{"line":289,"column":39}},{"start":{"line":289,"column":39},"end":{"line":289,"column":55}}],"line":289},"36":{"loc":{"start":{"line":310,"column":17},"end":{"line":310,"column":null}},"type":"cond-expr","locations":[{"start":{"line":310,"column":25},"end":{"line":310,"column":61}},{"start":{"line":310,"column":60},"end":{"line":310,"column":null}}],"line":310}},"s":{"0":1,"1":1,"2":22,"3":22,"4":22,"5":22,"6":22,"7":0,"8":22,"9":16,"10":16,"11":16,"12":16,"13":20,"14":20,"15":16,"16":1,"17":12,"18":12,"19":12,"20":9,"21":5,"22":5,"23":1,"24":4,"25":3,"26":1,"27":0,"28":1,"29":7,"30":7,"31":11,"32":2,"33":9,"34":9,"35":1,"36":1,"37":2,"38":1,"39":1,"40":5,"41":0,"42":7,"43":7,"44":56,"45":0,"46":0,"47":0,"48":0,"49":0,"50":56,"51":1,"52":1,"53":0,"54":1,"55":1,"56":55,"57":4,"58":4,"59":3,"60":1,"61":1,"62":51,"63":0,"64":0,"65":0,"66":0,"67":0,"68":51,"69":0,"70":0,"71":0,"72":0,"73":0,"74":51,"75":3,"76":3,"77":6,"78":3,"79":1,"80":2,"81":2,"82":48,"83":3,"84":3,"85":3,"86":1,"87":2,"88":0,"89":2,"90":0,"91":2,"92":2,"93":3,"94":1,"95":1,"96":0,"97":1,"98":1,"99":5,"100":0,"101":0,"102":0,"103":0,"104":0,"105":0,"106":0,"107":0,"108":0,"109":0,"110":0},"f":{"0":22,"1":0,"2":16,"3":12,"4":9,"5":5,"6":7,"7":11,"8":1,"9":2,"10":1,"11":5,"12":0,"13":7,"14":3,"15":1,"16":5,"17":0,"18":0,"19":0},"b":{"0":[1,0],"1":[1,1],"2":[0,0],"3":[1,4],"4":[3,1],"5":[0,1],"6":[2,9],"7":[1,0],"8":[1,0],"9":[0,0],"10":[0,56],"11":[0,0],"12":[1,55],"13":[0,1],"14":[4,51],"15":[3,1],"16":[0,51],"17":[0,0],"18":[0,51],"19":[0,0],"20":[3,48],"21":[3,8,6],"22":[1,2],"23":[3,2],"24":[1,2],"25":[0,2],"26":[0,2],"27":[2,0],"28":[0,1],"29":[0,0],"30":[0,0],"31":[0,0,0],"32":[0,0],"33":[0,0],"34":[0,0],"35":[0,0],"36":[0,0]},"meta":{"lastBranch":37,"lastFunction":20,"lastStatement":111,"seen":{"s:54:19:54:Infinity":0,"s:56:15:64:Infinity":1,"b:58:17:58:43:58:43:58:48":0,"b:62:13:62:45:62:45:62:50":1,"f:70:16:70:37":0,"s:71:12:71:Infinity":2,"s:72:10:76:Infinity":3,"s:78:2:78:Infinity":4,"s:79:2:79:Infinity":5,"s:81:2:81:Infinity":6,"f:81:16:81:28":1,"s:81:37:81:71":7,"b:81:60:81:67:81:67:81:71":2,"s:82:2:82:Infinity":8,"f:93:16:93:44":2,"s:97:22:97:Infinity":9,"s:98:13:98:Infinity":10,"s:99:13:99:Infinity":11,"s:101:2:104:Infinity":12,"s:102:4:102:Infinity":13,"s:103:4:103:Infinity":14,"s:105:2:105:Infinity":15,"s:112:2:112:Infinity":16,"f:114:16:114:40":3,"s:115:13:119:Infinity":17,"s:121:2:121:Infinity":18,"s:122:2:122:Infinity":19,"f:125:16:125:28":4,"s:126:2:126:Infinity":20,"f:130:16:130:32":5,"s:131:12:131:Infinity":21,"b:132:2:132:Infinity:undefined:undefined:undefined:undefined":3,"s:132:2:132:Infinity":22,"s:132:22:132:Infinity":23,"b:133:2:133:Infinity:undefined:undefined:undefined:undefined":4,"s:133:2:133:Infinity":24,"s:133:26:133:Infinity":25,"b:134:2:134:Infinity:undefined:undefined:undefined:undefined":5,"s:134:2:134:Infinity":26,"s:134:76:134:Infinity":27,"s:135:2:135:Infinity":28,"f:140:16:140:30":6,"s:141:19:141:Infinity":29,"s:142:2:174:Infinity":30,"f:143:5:143:10":7,"b:144:6:144:Infinity:undefined:undefined:undefined:undefined":6,"s:144:6:144:Infinity":31,"s:144:23:144:Infinity":32,"s:145:17:145:Infinity":33,"s:146:6:171:Infinity":34,"f:150:19:150:43":8,"s:151:26:151:Infinity":35,"s:152:12:154:Infinity":36,"b:153:16:153:Infinity:154:16:154:Infinity":7,"f:156:19:156:43":9,"s:156:63:156:87":37,"f:159:19:159:43":10,"s:160:26:160:Infinity":38,"s:161:12:163:Infinity":39,"b:162:16:162:Infinity:163:16:163:Infinity":8,"f:165:19:165:38":11,"s:165:58:165:82":40,"f:167:19:167:53":12,"s:168:12:168:Infinity":41,"b:168:36:168:71:168:71:168:Infinity":9,"f:185:16:185:36":13,"s:189:10:189:Infinity":42,"s:190:2:245:Infinity":43,"b:193:4:198:Infinity:undefined:undefined:undefined:undefined":10,"s:193:4:198:Infinity":44,"s:194:18:194:Infinity":45,"b:195:6:195:Infinity:undefined:undefined:undefined:undefined":11,"s:195:6:195:Infinity":46,"s:195:22:195:Infinity":47,"s:196:6:196:Infinity":48,"s:197:6:197:Infinity":49,"b:200:4:207:Infinity:undefined:undefined:undefined:undefined":12,"s:200:4:207:Infinity":50,"s:201:18:201:Infinity":51,"b:202:6:204:Infinity:undefined:undefined:undefined:undefined":13,"s:202:6:204:Infinity":52,"s:203:8:203:Infinity":53,"s:205:6:205:Infinity":54,"s:206:6:206:Infinity":55,"b:209:4:216:Infinity:undefined:undefined:undefined:undefined":14,"s:209:4:216:Infinity":56,"s:210:18:210:Infinity":57,"b:211:6:213:Infinity:undefined:undefined:undefined:undefined":15,"s:211:6:213:Infinity":58,"s:212:8:212:Infinity":59,"s:214:6:214:Infinity":60,"s:215:6:215:Infinity":61,"b:218:4:225:Infinity:undefined:undefined:undefined:undefined":16,"s:218:4:225:Infinity":62,"s:219:18:219:Infinity":63,"b:220:6:222:Infinity:undefined:undefined:undefined:undefined":17,"s:220:6:222:Infinity":64,"s:221:8:221:Infinity":65,"s:223:6:223:Infinity":66,"s:224:6:224:Infinity":67,"b:226:4:233:Infinity:undefined:undefined:undefined:undefined":18,"s:226:4:233:Infinity":68,"s:227:18:227:Infinity":69,"b:228:6:230:Infinity:undefined:undefined:undefined:undefined":19,"s:228:6:230:Infinity":70,"s:229:8:229:Infinity":71,"s:231:6:231:Infinity":72,"s:232:6:232:Infinity":73,"b:235:4:243:Infinity:undefined:undefined:undefined:undefined":20,"s:235:4:243:Infinity":74,"s:236:14:236:Infinity":75,"s:237:6:237:Infinity":76,"b:237:13:237:36:237:36:237:59:237:59:237:81":21,"s:237:81:237:Infinity":77,"b:238:6:240:Infinity:undefined:undefined:undefined:undefined":22,"s:238:6:240:Infinity":78,"b:238:10:238:34:238:34:238:55":23,"s:239:8:239:Infinity":79,"s:241:6:241:Infinity":80,"s:242:6:242:Infinity":81,"s:244:4:244:Infinity":82,"s:246:2:246:Infinity":83,"f:252:16:252:33":14,"s:253:13:253:Infinity":84,"b:254:2:257:Infinity:255:7:257:Infinity":24,"s:254:2:257:Infinity":85,"s:254:29:254:Infinity":86,"b:255:7:257:Infinity:256:7:257:Infinity":25,"s:255:7:257:Infinity":87,"s:255:35:255:Infinity":88,"b:256:7:257:Infinity:257:7:257:Infinity":26,"s:256:7:257:Infinity":89,"s:256:35:256:Infinity":90,"b:257:7:257:Infinity:undefined:undefined:undefined:undefined":27,"s:257:7:257:Infinity":91,"s:257:33:257:Infinity":92,"s:258:2:258:Infinity":93,"f:264:16:264:38":15,"s:265:16:265:Infinity":94,"b:266:2:266:Infinity:undefined:undefined:undefined:undefined":28,"s:266:2:266:Infinity":95,"s:266:14:266:Infinity":96,"s:267:18:270:Infinity":97,"s:271:2:271:Infinity":98,"f:275:16:275:35":16,"s:276:2:276:Infinity":99,"f:281:16:281:30":17,"s:282:16:282:Infinity":100,"b:282:42:282:56:282:56:282:Infinity":29,"b:283:2:283:Infinity:undefined:undefined:undefined:undefined":30,"s:283:2:283:Infinity":101,"b:283:6:283:16:283:16:283:45:283:45:283:66":31,"s:283:66:283:Infinity":102,"s:284:16:284:Infinity":103,"b:287:2:287:Infinity:undefined:undefined:undefined:undefined":32,"s:287:2:287:Infinity":104,"s:287:67:287:Infinity":105,"s:288:17:288:Infinity":106,"b:288:49:288:75:288:75:288:Infinity":33,"s:289:2:289:Infinity":107,"b:289:55:289:71:289:71:289:Infinity":34,"b:289:9:289:39:289:39:289:55":35,"f:292:16:292:25":18,"s:293:2:315:Infinity":108,"f:308:8:308:12":19,"s:309:24:309:Infinity":109,"s:310:10:310:Infinity":110,"b:310:25:310:61:310:60:310:Infinity":36},"fnNames":{}}}
,"/Users/karlwehbe/Documents/GitHub/AI-Note-Taker/client/src/components/mermaid-diagram.tsx": {"path":"/Users/karlwehbe/Documents/GitHub/AI-Note-Taker/client/src/components/mermaid-diagram.tsx","statementMap":{"0":{"start":{"line":15,"column":2},"end":{"line":15,"column":null}},"1":{"start":{"line":15,"column":39},"end":{"line":15,"column":null}},"2":{"start":{"line":16,"column":2},"end":{"line":16,"column":null}},"3":{"start":{"line":22,"column":17},"end":{"line":22,"column":null}},"4":{"start":{"line":25,"column":2},"end":{"line":25,"column":null}},"5":{"start":{"line":29,"column":14},"end":{"line":29,"column":null}},"6":{"start":{"line":30,"column":24},"end":{"line":30,"column":null}},"7":{"start":{"line":30,"column":54},"end":{"line":30,"column":79}},"8":{"start":{"line":31,"column":30},"end":{"line":31,"column":null}},"9":{"start":{"line":36,"column":16},"end":{"line":36,"column":null}},"10":{"start":{"line":38,"column":2},"end":{"line":79,"column":null}},"11":{"start":{"line":39,"column":19},"end":{"line":39,"column":null}},"12":{"start":{"line":40,"column":4},"end":{"line":44,"column":null}},"13":{"start":{"line":41,"column":6},"end":{"line":41,"column":null}},"14":{"start":{"line":42,"column":6},"end":{"line":42,"column":null}},"15":{"start":{"line":43,"column":6},"end":{"line":43,"column":null}},"16":{"start":{"line":46,"column":20},"end":{"line":46,"column":null}},"17":{"start":{"line":47,"column":4},"end":{"line":47,"column":null}},"18":{"start":{"line":48,"column":4},"end":{"line":48,"column":null}},"19":{"start":{"line":51,"column":6},"end":{"line":72,"column":null}},"20":{"start":{"line":52,"column":14},"end":{"line":52,"column":null}},"21":{"start":{"line":53,"column":8},"end":{"line":61,"column":null}},"22":{"start":{"line":64,"column":8},"end":{"line":64,"column":null}},"23":{"start":{"line":65,"column":34},"end":{"line":65,"column":null}},"24":{"start":{"line":66,"column":8},"end":{"line":69,"column":null}},"25":{"start":{"line":67,"column":10},"end":{"line":67,"column":null}},"26":{"start":{"line":68,"column":10},"end":{"line":68,"column":null}},"27":{"start":{"line":71,"column":8},"end":{"line":71,"column":null}},"28":{"start":{"line":71,"column":24},"end":{"line":71,"column":null}},"29":{"start":{"line":74,"column":4},"end":{"line":74,"column":null}},"30":{"start":{"line":76,"column":4},"end":{"line":78,"column":null}},"31":{"start":{"line":77,"column":6},"end":{"line":77,"column":null}},"32":{"start":{"line":81,"column":2},"end":{"line":90,"column":null}},"33":{"start":{"line":85,"column":4},"end":{"line":88,"column":null}},"34":{"start":{"line":92,"column":2},"end":{"line":96,"column":null}},"35":{"start":{"line":95,"column":4},"end":{"line":95,"column":null}},"36":{"start":{"line":98,"column":2},"end":{"line":106,"column":null}}},"fnMap":{"0":{"name":"prefersDark","decl":{"start":{"line":14,"column":9},"end":{"line":14,"column":32}},"loc":{"start":{"line":14,"column":32},"end":{"line":17,"column":null}},"line":14},"1":{"name":"cacheKey","decl":{"start":{"line":24,"column":9},"end":{"line":24,"column":18}},"loc":{"start":{"line":24,"column":41},"end":{"line":26,"column":null}},"line":24},"2":{"name":"MermaidDiagram","decl":{"start":{"line":28,"column":16},"end":{"line":28,"column":31}},"loc":{"start":{"line":28,"column":61},"end":{"line":108,"column":null}},"line":28},"3":{"name":"(anonymous_3)","decl":{"start":{"line":30,"column":24},"end":{"line":30,"column":54}},"loc":{"start":{"line":30,"column":54},"end":{"line":30,"column":79}},"line":30},"4":{"name":"(anonymous_4)","decl":{"start":{"line":38,"column":2},"end":{"line":38,"column":18}},"loc":{"start":{"line":38,"column":18},"end":{"line":79,"column":5}},"line":38},"5":{"name":"render","decl":{"start":{"line":50,"column":19},"end":{"line":50,"column":28}},"loc":{"start":{"line":50,"column":28},"end":{"line":73,"column":null}},"line":50},"6":{"name":"(anonymous_6)","decl":{"start":{"line":76,"column":4},"end":{"line":76,"column":17}},"loc":{"start":{"line":76,"column":17},"end":{"line":78,"column":null}},"line":76}},"branchMap":{"0":{"loc":{"start":{"line":15,"column":2},"end":{"line":15,"column":null}},"type":"if","locations":[{"start":{"line":15,"column":2},"end":{"line":15,"column":null}},{"start":{},"end":{}}],"line":15},"1":{"loc":{"start":{"line":25,"column":12},"end":{"line":25,"column":45}},"type":"cond-expr","locations":[{"start":{"line":25,"column":28},"end":{"line":25,"column":37}},{"start":{"line":25,"column":37},"end":{"line":25,"column":45}}],"line":25},"2":{"loc":{"start":{"line":30,"column":54},"end":{"line":30,"column":79}},"type":"binary-expr","locations":[{"start":{"line":30,"column":54},"end":{"line":30,"column":75}},{"start":{"line":30,"column":75},"end":{"line":30,"column":79}}],"line":30},"3":{"loc":{"start":{"line":40,"column":4},"end":{"line":44,"column":null}},"type":"if","locations":[{"start":{"line":40,"column":4},"end":{"line":44,"column":null}},{"start":{},"end":{}}],"line":40},"4":{"loc":{"start":{"line":59,"column":17},"end":{"line":59,"column":null}},"type":"cond-expr","locations":[{"start":{"line":59,"column":33},"end":{"line":59,"column":42}},{"start":{"line":59,"column":42},"end":{"line":59,"column":null}}],"line":59},"5":{"loc":{"start":{"line":66,"column":8},"end":{"line":69,"column":null}},"type":"if","locations":[{"start":{"line":66,"column":8},"end":{"line":69,"column":null}},{"start":{},"end":{}}],"line":66},"6":{"loc":{"start":{"line":71,"column":8},"end":{"line":71,"column":null}},"type":"if","locations":[{"start":{"line":71,"column":8},"end":{"line":71,"column":null}},{"start":{},"end":{}}],"line":71},"7":{"loc":{"start":{"line":81,"column":2},"end":{"line":90,"column":null}},"type":"if","locations":[{"start":{"line":81,"column":2},"end":{"line":90,"column":null}},{"start":{},"end":{}}],"line":81},"8":{"loc":{"start":{"line":92,"column":2},"end":{"line":96,"column":null}},"type":"if","locations":[{"start":{"line":92,"column":2},"end":{"line":96,"column":null}},{"start":{},"end":{}}],"line":92}},"s":{"0":0,"1":0,"2":0,"3":1,"4":0,"5":0,"6":0,"7":0,"8":0,"9":0,"10":0,"11":0,"12":0,"13":0,"14":0,"15":0,"16":0,"17":0,"18":0,"19":0,"20":0,"21":0,"22":0,"23":0,"24":0,"25":0,"26":0,"27":0,"28":0,"29":0,"30":0,"31":0,"32":0,"33":0,"34":0,"35":0,"36":0},"f":{"0":0,"1":0,"2":0,"3":0,"4":0,"5":0,"6":0},"b":{"0":[0,0],"1":[0,0],"2":[0,0],"3":[0,0],"4":[0,0],"5":[0,0],"6":[0,0],"7":[0,0],"8":[0,0]},"meta":{"lastBranch":9,"lastFunction":7,"lastStatement":37,"seen":{"f:14:9:14:32":0,"b:15:2:15:Infinity:undefined:undefined:undefined:undefined":0,"s:15:2:15:Infinity":0,"s:15:39:15:Infinity":1,"s:16:2:16:Infinity":2,"s:22:17:22:Infinity":3,"f:24:9:24:18":1,"s:25:2:25:Infinity":4,"b:25:28:25:37:25:37:25:45":1,"f:28:16:28:31":2,"s:29:14:29:Infinity":5,"s:30:24:30:Infinity":6,"f:30:24:30:54":3,"s:30:54:30:79":7,"b:30:54:30:75:30:75:30:79":2,"s:31:30:31:Infinity":8,"s:36:16:36:Infinity":9,"s:38:2:79:Infinity":10,"f:38:2:38:18":4,"s:39:19:39:Infinity":11,"b:40:4:44:Infinity:undefined:undefined:undefined:undefined":3,"s:40:4:44:Infinity":12,"s:41:6:41:Infinity":13,"s:42:6:42:Infinity":14,"s:43:6:43:Infinity":15,"s:46:20:46:Infinity":16,"s:47:4:47:Infinity":17,"s:48:4:48:Infinity":18,"f:50:19:50:28":5,"s:51:6:72:Infinity":19,"s:52:14:52:Infinity":20,"s:53:8:61:Infinity":21,"b:59:33:59:42:59:42:59:Infinity":4,"s:64:8:64:Infinity":22,"s:65:34:65:Infinity":23,"b:66:8:69:Infinity:undefined:undefined:undefined:undefined":5,"s:66:8:69:Infinity":24,"s:67:10:67:Infinity":25,"s:68:10:68:Infinity":26,"b:71:8:71:Infinity:undefined:undefined:undefined:undefined":6,"s:71:8:71:Infinity":27,"s:71:24:71:Infinity":28,"s:74:4:74:Infinity":29,"s:76:4:78:Infinity":30,"f:76:4:76:17":6,"s:77:6:77:Infinity":31,"b:81:2:90:Infinity:undefined:undefined:undefined:undefined":7,"s:81:2:90:Infinity":32,"s:85:4:88:Infinity":33,"b:92:2:96:Infinity:undefined:undefined:undefined:undefined":8,"s:92:2:96:Infinity":34,"s:95:4:95:Infinity":35,"s:98:2:106:Infinity":36},"fnNames":{}}}
}
